2019-08-27 13:55:38,809 CRIT Supervisor running as root (no user in config file)
2019-08-27 13:55:38,810 INFO Included extra file "/etc/supervisor/conf.d/supervisord.conf" during parsing
2019-08-27 13:55:41,963 INFO RPC interface 'supervisor' initialized
2019-08-27 13:55:41,963 CRIT Server 'unix_http_server' running without any HTTP authentication checking
2019-08-27 13:55:41,964 INFO supervisord started with pid 1
2019-08-27 13:55:42,968 INFO spawned: 'varnishd' with pid 15
2019-08-27 13:55:43,192 INFO spawned: 'php-fpm' with pid 16
2019-08-27 13:55:43,206 INFO spawned: 'varnish-plugins-watcher' with pid 17
2019-08-27 13:55:43,266 INFO spawned: 'nginx' with pid 18
2019-08-27 13:55:43,277 INFO spawned: 'MailHog' with pid 19
2019-08-27 13:55:43,438 INFO spawned: 'mysql' with pid 20
2019-08-27 13:55:43,530 INFO spawned: 'varnish-themes-watcher' with pid 23
2019-08-27 13:55:44,537 INFO success: varnishd entered RUNNING state, process has stayed up for > than 1 seconds (startsecs)
2019-08-27 13:55:44,537 INFO success: php-fpm entered RUNNING state, process has stayed up for > than 1 seconds (startsecs)
2019-08-27 13:55:44,537 INFO success: varnish-plugins-watcher entered RUNNING state, process has stayed up for > than 1 seconds (startsecs)
2019-08-27 13:55:44,538 INFO success: nginx entered RUNNING state, process has stayed up for > than 1 seconds (startsecs)
2019-08-27 13:55:44,538 INFO success: MailHog entered RUNNING state, process has stayed up for > than 1 seconds (startsecs)
2019-08-27 13:55:44,538 INFO success: mysql entered RUNNING state, process has stayed up for > than 1 seconds (startsecs)
2019-08-27 13:55:44,539 INFO success: varnish-themes-watcher entered RUNNING state, process has stayed up for > than 1 seconds (startsecs)
2019-08-27 20:26:05,415 WARN received SIGTERM indicating exit request
2019-08-27 20:26:05,416 INFO waiting for varnishd, php-fpm, varnish-plugins-watcher, nginx, MailHog, mysql, varnish-themes-watcher to die
2019-08-27 20:26:06,417 INFO stopped: varnish-themes-watcher (terminated by SIGTERM)
2019-08-27 20:26:06,465 INFO stopped: mysql (exit status 0)
2019-08-27 20:26:06,467 INFO stopped: MailHog (terminated by SIGTERM)
2019-08-27 20:26:06,473 INFO stopped: nginx (exit status 0)
2019-08-27 20:26:07,477 INFO stopped: varnish-plugins-watcher (terminated by SIGTERM)
2019-08-27 20:26:07,570 INFO stopped: php-fpm (exit status 0)
2019-08-27 20:26:08,474 INFO reaped unknown pid 24
2019-08-27 20:26:08,475 INFO waiting for varnishd to die
2019-08-27 20:26:09,107 INFO stopped: varnishd (exit status 0)
2019-08-29 11:50:05,867 CRIT Supervisor running as root (no user in config file)
2019-08-29 11:50:05,867 INFO Included extra file "/etc/supervisor/conf.d/supervisord.conf" during parsing
2019-08-29 11:50:09,471 INFO RPC interface 'supervisor' initialized
2019-08-29 11:50:09,471 CRIT Server 'unix_http_server' running without any HTTP authentication checking
2019-08-29 11:50:09,510 INFO supervisord started with pid 1
2019-08-29 11:50:10,517 INFO spawned: 'varnishd' with pid 63
2019-08-29 11:50:10,567 INFO spawned: 'php-fpm' with pid 64
2019-08-29 11:50:10,600 INFO spawned: 'varnish-plugins-watcher' with pid 65
2019-08-29 11:50:10,683 INFO spawned: 'nginx' with pid 66
2019-08-29 11:50:10,827 INFO spawned: 'MailHog' with pid 67
2019-08-29 11:50:10,949 INFO spawned: 'mysql' with pid 72
2019-08-29 11:50:11,054 INFO spawned: 'varnish-themes-watcher' with pid 76
2019-08-29 11:50:11,626 INFO success: varnishd entered RUNNING state, process has stayed up for > than 1 seconds (startsecs)
2019-08-29 11:50:11,627 INFO success: php-fpm entered RUNNING state, process has stayed up for > than 1 seconds (startsecs)
2019-08-29 11:50:11,628 INFO success: varnish-plugins-watcher entered RUNNING state, process has stayed up for > than 1 seconds (startsecs)
2019-08-29 11:50:11,628 INFO success: nginx entered RUNNING state, process has stayed up for > than 1 seconds (startsecs)
2019-08-29 11:50:11,826 INFO success: MailHog entered RUNNING state, process has stayed up for > than 1 seconds (startsecs)
2019-08-29 11:50:12,829 INFO success: mysql entered RUNNING state, process has stayed up for > than 1 seconds (startsecs)
2019-08-29 11:50:12,830 INFO success: varnish-themes-watcher entered RUNNING state, process has stayed up for > than 1 seconds (startsecs)
2019-08-29 14:35:30,557 WARN received SIGTERM indicating exit request
2019-08-29 14:35:30,558 INFO waiting for varnishd, php-fpm, varnish-plugins-watcher, nginx, MailHog, mysql, varnish-themes-watcher to die
2019-08-29 14:35:30,558 INFO stopped: varnish-themes-watcher (terminated by SIGTERM)
2019-08-29 14:35:30,577 INFO stopped: mysql (exit status 0)
2019-08-29 14:35:30,578 INFO stopped: MailHog (terminated by SIGTERM)
2019-08-29 14:35:30,583 INFO stopped: nginx (exit status 0)
2019-08-29 14:35:31,586 INFO stopped: varnish-plugins-watcher (terminated by SIGTERM)
2019-08-29 14:35:31,692 INFO stopped: php-fpm (exit status 0)
2019-08-29 14:35:33,084 INFO stopped: varnishd (exit status 0)
2019-08-29 14:35:43,942 CRIT Supervisor running as root (no user in config file)
2019-08-29 14:35:43,942 INFO Included extra file "/etc/supervisor/conf.d/supervisord.conf" during parsing
2019-08-29 14:35:44,216 INFO RPC interface 'supervisor' initialized
2019-08-29 14:35:44,220 CRIT Server 'unix_http_server' running without any HTTP authentication checking
2019-08-29 14:35:44,222 INFO supervisord started with pid 1
2019-08-29 14:35:45,227 INFO spawned: 'varnishd' with pid 55
2019-08-29 14:35:45,231 INFO spawned: 'php-fpm' with pid 56
2019-08-29 14:35:45,264 INFO spawned: 'varnish-plugins-watcher' with pid 57
2019-08-29 14:35:45,277 INFO spawned: 'nginx' with pid 58
2019-08-29 14:35:45,301 INFO spawned: 'MailHog' with pid 59
2019-08-29 14:35:45,373 INFO spawned: 'mysql' with pid 60
2019-08-29 14:35:45,502 INFO spawned: 'varnish-themes-watcher' with pid 64
2019-08-29 14:35:46,864 INFO success: varnishd entered RUNNING state, process has stayed up for > than 1 seconds (startsecs)
2019-08-29 14:35:46,866 INFO success: php-fpm entered RUNNING state, process has stayed up for > than 1 seconds (startsecs)
2019-08-29 14:35:46,868 INFO success: varnish-plugins-watcher entered RUNNING state, process has stayed up for > than 1 seconds (startsecs)
2019-08-29 14:35:46,870 INFO success: nginx entered RUNNING state, process has stayed up for > than 1 seconds (startsecs)
2019-08-29 14:35:46,872 INFO success: MailHog entered RUNNING state, process has stayed up for > than 1 seconds (startsecs)
2019-08-29 14:35:46,876 INFO success: mysql entered RUNNING state, process has stayed up for > than 1 seconds (startsecs)
2019-08-29 14:35:46,878 INFO success: varnish-themes-watcher entered RUNNING state, process has stayed up for > than 1 seconds (startsecs)
2019-09-11 07:45:40,228 WARN received SIGTERM indicating exit request
2019-09-11 07:45:40,229 INFO waiting for varnishd, php-fpm, varnish-plugins-watcher, nginx, MailHog, mysql, varnish-themes-watcher to die
2019-09-11 07:45:40,229 INFO stopped: varnish-themes-watcher (terminated by SIGTERM)
2019-09-11 07:45:40,281 INFO stopped: mysql (exit status 0)
2019-09-11 07:45:40,286 INFO stopped: MailHog (terminated by SIGTERM)
2019-09-11 07:45:40,293 INFO stopped: nginx (exit status 0)
2019-09-11 07:45:41,297 INFO stopped: varnish-plugins-watcher (terminated by SIGTERM)
2019-09-11 07:45:41,661 INFO stopped: php-fpm (exit status 0)
2019-09-11 07:45:42,044 INFO reaped unknown pid 77
2019-09-11 07:45:43,280 INFO waiting for varnishd to die
2019-09-11 07:45:43,282 INFO stopped: varnishd (exit status 0)
2019-09-11 09:06:22,126 CRIT Supervisor running as root (no user in config file)
2019-09-11 09:06:22,127 INFO Included extra file "/etc/supervisor/conf.d/supervisord.conf" during parsing
2019-09-11 09:06:22,336 INFO RPC interface 'supervisor' initialized
2019-09-11 09:06:22,336 CRIT Server 'unix_http_server' running without any HTTP authentication checking
2019-09-11 09:06:22,337 INFO supervisord started with pid 1
2019-09-11 09:06:23,342 INFO spawned: 'varnishd' with pid 15
2019-09-11 09:06:23,513 INFO spawned: 'php-fpm' with pid 16
2019-09-11 09:06:23,620 INFO spawned: 'varnish-plugins-watcher' with pid 17
2019-09-11 09:06:23,630 INFO spawned: 'nginx' with pid 18
2019-09-11 09:06:23,772 INFO spawned: 'MailHog' with pid 19
2019-09-11 09:06:23,778 INFO spawned: 'mysql' with pid 20
2019-09-11 09:06:23,860 INFO spawned: 'varnish-themes-watcher' with pid 21
2019-09-11 09:06:25,240 INFO success: varnishd entered RUNNING state, process has stayed up for > than 1 seconds (startsecs)
2019-09-11 09:06:25,241 INFO success: php-fpm entered RUNNING state, process has stayed up for > than 1 seconds (startsecs)
2019-09-11 09:06:25,241 INFO success: varnish-plugins-watcher entered RUNNING state, process has stayed up for > than 1 seconds (startsecs)
2019-09-11 09:06:25,241 INFO success: nginx entered RUNNING state, process has stayed up for > than 1 seconds (startsecs)
2019-09-11 09:06:25,241 INFO success: MailHog entered RUNNING state, process has stayed up for > than 1 seconds (startsecs)
2019-09-11 09:06:25,242 INFO success: mysql entered RUNNING state, process has stayed up for > than 1 seconds (startsecs)
2019-09-11 09:06:25,242 INFO success: varnish-themes-watcher entered RUNNING state, process has stayed up for > than 1 seconds (startsecs)
2019-09-11 09:29:47,900 CRIT Supervisor running as root (no user in config file)
2019-09-11 09:29:47,903 INFO Included extra file "/etc/supervisor/conf.d/supervisord.conf" during parsing
2019-09-11 09:29:47,968 INFO RPC interface 'supervisor' initialized
2019-09-11 09:29:47,968 CRIT Server 'unix_http_server' running without any HTTP authentication checking
2019-09-11 09:29:47,968 INFO supervisord started with pid 1
2019-09-11 09:29:48,972 INFO spawned: 'varnishd' with pid 32
2019-09-11 09:29:48,977 INFO spawned: 'php-fpm' with pid 33
2019-09-11 09:29:48,981 INFO spawned: 'varnish-plugins-watcher' with pid 34
2019-09-11 09:29:48,988 INFO spawned: 'nginx' with pid 35
2019-09-11 09:29:48,993 INFO spawned: 'MailHog' with pid 36
2019-09-11 09:29:48,998 INFO spawned: 'mysql' with pid 37
2019-09-11 09:29:49,003 INFO spawned: 'varnish-themes-watcher' with pid 38
2019-09-11 09:29:50,104 INFO success: varnishd entered RUNNING state, process has stayed up for > than 1 seconds (startsecs)
2019-09-11 09:29:50,105 INFO success: php-fpm entered RUNNING state, process has stayed up for > than 1 seconds (startsecs)
2019-09-11 09:29:50,106 INFO success: varnish-plugins-watcher entered RUNNING state, process has stayed up for > than 1 seconds (startsecs)
2019-09-11 09:29:50,107 INFO success: nginx entered RUNNING state, process has stayed up for > than 1 seconds (startsecs)
2019-09-11 09:29:50,107 INFO success: MailHog entered RUNNING state, process has stayed up for > than 1 seconds (startsecs)
2019-09-11 09:29:50,107 INFO success: mysql entered RUNNING state, process has stayed up for > than 1 seconds (startsecs)
2019-09-11 09:29:50,107 INFO success: varnish-themes-watcher entered RUNNING state, process has stayed up for > than 1 seconds (startsecs)
2019-09-19 05:35:02,821 CRIT Supervisor running as root (no user in config file)
2019-09-19 05:35:02,824 INFO Included extra file "/etc/supervisor/conf.d/supervisord.conf" during parsing
2019-09-19 05:35:03,202 INFO RPC interface 'supervisor' initialized
2019-09-19 05:35:03,202 CRIT Server 'unix_http_server' running without any HTTP authentication checking
2019-09-19 05:35:03,203 INFO supervisord started with pid 1
2019-09-19 05:35:04,206 INFO spawned: 'varnishd' with pid 56
2019-09-19 05:35:04,209 INFO spawned: 'php-fpm' with pid 57
2019-09-19 05:35:04,211 INFO spawned: 'varnish-plugins-watcher' with pid 58
2019-09-19 05:35:04,214 INFO spawned: 'nginx' with pid 59
2019-09-19 05:35:04,218 INFO spawned: 'MailHog' with pid 60
2019-09-19 05:35:04,220 INFO spawned: 'mysql' with pid 61
2019-09-19 05:35:04,226 INFO spawned: 'varnish-themes-watcher' with pid 62
2019-09-19 05:35:05,371 INFO success: varnishd entered RUNNING state, process has stayed up for > than 1 seconds (startsecs)
2019-09-19 05:35:05,373 INFO success: php-fpm entered RUNNING state, process has stayed up for > than 1 seconds (startsecs)
2019-09-19 05:35:05,373 INFO success: varnish-plugins-watcher entered RUNNING state, process has stayed up for > than 1 seconds (startsecs)
2019-09-19 05:35:05,374 INFO success: nginx entered RUNNING state, process has stayed up for > than 1 seconds (startsecs)
2019-09-19 05:35:05,374 INFO success: MailHog entered RUNNING state, process has stayed up for > than 1 seconds (startsecs)
2019-09-19 05:35:05,374 INFO success: mysql entered RUNNING state, process has stayed up for > than 1 seconds (startsecs)
2019-09-19 05:35:05,375 INFO success: varnish-themes-watcher entered RUNNING state, process has stayed up for > than 1 seconds (startsecs)
2019-09-19 05:37:35,579 WARN received SIGTERM indicating exit request
2019-09-19 05:37:35,579 INFO waiting for varnishd, php-fpm, varnish-plugins-watcher, nginx, MailHog, mysql, varnish-themes-watcher to die
2019-09-19 05:37:36,581 INFO stopped: varnish-themes-watcher (terminated by SIGTERM)
2019-09-19 05:37:36,590 INFO stopped: mysql (exit status 0)
2019-09-19 05:37:36,591 INFO stopped: MailHog (terminated by SIGTERM)
2019-09-19 05:37:36,595 INFO stopped: nginx (exit status 0)
2019-09-19 05:37:37,597 INFO stopped: varnish-plugins-watcher (terminated by SIGTERM)
2019-09-19 05:37:37,606 INFO stopped: php-fpm (exit status 0)
2019-09-20 13:10:11,804 CRIT Supervisor running as root (no user in config file)
2019-09-20 13:10:11,805 INFO Included extra file "/etc/supervisor/conf.d/supervisord.conf" during parsing
2019-09-20 13:10:12,173 INFO RPC interface 'supervisor' initialized
2019-09-20 13:10:12,174 CRIT Server 'unix_http_server' running without any HTTP authentication checking
2019-09-20 13:10:12,175 INFO supervisord started with pid 1
2019-09-20 13:10:13,179 INFO spawned: 'varnishd' with pid 55
2019-09-20 13:10:13,183 INFO spawned: 'php-fpm' with pid 56
2019-09-20 13:10:13,186 INFO spawned: 'varnish-plugins-watcher' with pid 57
2019-09-20 13:10:13,192 INFO spawned: 'nginx' with pid 58
2019-09-20 13:10:13,196 INFO spawned: 'MailHog' with pid 59
2019-09-20 13:10:13,207 INFO spawned: 'mysql' with pid 60
2019-09-20 13:10:13,214 INFO spawned: 'varnish-themes-watcher' with pid 61
2019-09-20 13:10:14,356 INFO success: varnishd entered RUNNING state, process has stayed up for > than 1 seconds (startsecs)
2019-09-20 13:10:14,366 INFO success: php-fpm entered RUNNING state, process has stayed up for > than 1 seconds (startsecs)
2019-09-20 13:10:14,366 INFO success: varnish-plugins-watcher entered RUNNING state, process has stayed up for > than 1 seconds (startsecs)
2019-09-20 13:10:14,369 INFO success: nginx entered RUNNING state, process has stayed up for > than 1 seconds (startsecs)
2019-09-20 13:10:14,369 INFO success: MailHog entered RUNNING state, process has stayed up for > than 1 seconds (startsecs)
2019-09-20 13:10:14,370 INFO success: mysql entered RUNNING state, process has stayed up for > than 1 seconds (startsecs)
2019-09-20 13:10:14,372 INFO success: varnish-themes-watcher entered RUNNING state, process has stayed up for > than 1 seconds (startsecs)
