[27-Aug-2019 13:56:23] NOTICE: fpm is running, pid 16
[27-Aug-2019 13:56:23] NOTICE: ready to handle connections
[27-Aug-2019 20:26:07] NOTICE: Terminating ...
[27-Aug-2019 20:26:07] NOTICE: exiting, bye-bye!
[29-Aug-2019 11:50:11] NOTICE: fpm is running, pid 64
[29-Aug-2019 11:50:11] NOTICE: ready to handle connections
[29-Aug-2019 14:35:31] NOTICE: Terminating ...
[29-Aug-2019 14:35:31] NOTICE: exiting, bye-bye!
[29-Aug-2019 14:35:45] NOTICE: fpm is running, pid 56
[29-Aug-2019 14:35:45] NOTICE: ready to handle connections
[11-Sep-2019 07:45:41] NOTICE: Terminating ...
[11-Sep-2019 07:45:41] NOTICE: exiting, bye-bye!
[11-Sep-2019 09:06:23] NOTICE: fpm is running, pid 16
[11-Sep-2019 09:06:23] NOTICE: ready to handle connections
[11-Sep-2019 09:29:49] NOTICE: fpm is running, pid 33
[11-Sep-2019 09:29:49] NOTICE: ready to handle connections
[19-Sep-2019 05:35:04] NOTICE: fpm is running, pid 57
[19-Sep-2019 05:35:04] NOTICE: ready to handle connections
[19-Sep-2019 05:37:37] NOTICE: Terminating ...
[19-Sep-2019 05:37:37] NOTICE: exiting, bye-bye!
[20-Sep-2019 13:10:13] NOTICE: fpm is running, pid 56
[20-Sep-2019 13:10:13] NOTICE: ready to handle connections
